TN:
SF:src/js/GameSavingLoader.js
FN:18,(anonymous_0)
FNF:1
FNH:1
FNDA:1,(anonymous_0)
DA:4,1
DA:15,1
DA:19,1
DA:20,1
DA:21,1
DA:22,1
DA:24,0
LF:7
LH:6
BRF:0
BRH:0
end_of_record
TN:
SF:src/js/parser.js
FN:1,json
FN:2,(anonymous_1)
FN:4,(anonymous_2)
FNF:3
FNH:3
FNDA:1,json
FNDA:1,(anonymous_1)
FNDA:1,(anonymous_2)
DA:2,1
DA:4,1
DA:5,1
LF:3
LH:3
BRF:0
BRH:0
end_of_record
TN:
SF:src/js/reader.js
FN:1,read
FN:2,(anonymous_1)
FN:4,(anonymous_2)
FN:7,(anonymous_3)
FNF:4
FNH:4
FNDA:1,read
FNDA:1,(anonymous_1)
FNDA:1,(anonymous_2)
FNDA:1,(anonymous_3)
DA:2,1
DA:4,1
DA:6,1
DA:7,1
DA:8,1
DA:9,1
DA:10,1
DA:11,90
DA:13,1
LF:9
LH:9
BRF:0
BRH:0
end_of_record
